{
  "RSpec": {
    "coverage": {
      "C:/Users/Nathália/play-it/spec/models/extractor_spec.rb": [
        1,
        null,
        1,
        null,
        5,
        null,
        5,
        5,
        null,
        5,
        5,
        null,
        5,
        null,
        1,
        4,
        null,
        null,
        5,
        null,
        1,
        1,
        1,
        null,
        null,
        null,
        null,
        null,
        1,
        null,
        1,
        1,
        1,
        null,
        null,
        null,
        1,
        1,
        null,
        null,
        1,
        null,
        null,
        null,
        null,
        1,
        1,
        1,
        1,
        null,
        null,
        null
      ],
      "C:/Users/Nathália/play-it/models/extractor.rb": [
        1,
        1,
        null,
        1,
        null,
        null,
        null,
        1,
        null,
        null,
        null,
        1,
        null,
        null,
        null,
        null,
        null,
        null,
        null,
        null,
        null,
        null,
        null,
        null,
        null,
        null,
        null,
        null,
        null,
        null,
        null,
        null,
        1,
        4,
        null,
        null,
        null,
        null,
        null,
        null,
        null,
        null,
        null,
        null,
        1,
        0,
        null,
        0,
        null,
        null,
        1,
        null,
        1,
        2,
        2,
        null,
        2,
        2,
        null,
        1,
        null,
        null,
        null,
        1,
        1,
        null,
        null,
        null,
        1,
        3,
        3,
        null,
        null,
        3,
        null,
        null,
        1,
        1,
        1,
        4,
        79,
        null,
        null,
        null,
        null
      ]
    },
    "timestamp": 1436136885
  }
}
